0 info it worked if it ends with ok
1 verbose cli [ 'C:\\Program Files\\nodejs\\node.exe',
1 verbose cli   'C:\\Program Files\\nodejs\\node_modules\\npm\\bin\\npm-cli.js',
1 verbose cli   'start' ]
2 info using npm@3.10.10
3 info using node@v6.17.1
4 verbose run-script [ 'prestart', 'start', 'poststart' ]
5 info lifecycle ClippPro@0.56.64~prestart: ClippPro@0.56.64
6 silly lifecycle ClippPro@0.56.64~prestart: no script for prestart, continuing
7 info lifecycle ClippPro@0.56.64~start: ClippPro@0.56.64
8 verbose lifecycle ClippPro@0.56.64~start: unsafe-perm in lifecycle true
9 verbose lifecycle ClippPro@0.56.64~start: PATH: C:\Program Files\nodejs\node_modules\npm\bin\node-gyp-bin;C:\xampp\htdocs\kparkingutplserver\node_modules\.bin;C:\Program Files (x86)\OpenJDK\jdk-8.0.262.10-hotspot\bin;C:\ProgramData\Oracle\Java\javapath;C:\WINDOWS\system32;C:\WINDOWS;C:\WINDOWS\System32\Wbem;C:\WINDOWS\System32\WindowsPowerShell\v1.0\;C:\WINDOWS\System32\OpenSSH\;C:\Program Files\PuTTY\;C:\Program Files\Git\cmd;C:\Program Files\nodejs\;C:\Users\lfmor\AppData\Local\Microsoft\WindowsApps;C:\Users\lfmor\AppData\Local\Programs\Microsoft VS Code\bin;C:\Program Files\Java\jdk-14.0.2\bin;C:\Users\lfmor\AppData\Roaming\npm
10 verbose lifecycle ClippPro@0.56.64~start: CWD: C:\xampp\htdocs\kparkingutplserver
11 silly lifecycle ClippPro@0.56.64~start: Args: [ '/d /s /c', 'node lib/servidor.js' ]
12 silly lifecycle ClippPro@0.56.64~start: Returned: code: 1  signal: null
13 info lifecycle ClippPro@0.56.64~start: Failed to exec start script
14 verbose stack Error: ClippPro@0.56.64 start: `node lib/servidor.js`
14 verbose stack Exit status 1
14 verbose stack     at EventEmitter.<anonymous> (C:\Program Files\nodejs\node_modules\npm\lib\utils\lifecycle.js:255:16)
14 verbose stack     at emitTwo (events.js:106:13)
14 verbose stack     at EventEmitter.emit (events.js:191:7)
14 verbose stack     at ChildProcess.<anonymous> (C:\Program Files\nodejs\node_modules\npm\lib\utils\spawn.js:40:14)
14 verbose stack     at emitTwo (events.js:106:13)
14 verbose stack     at ChildProcess.emit (events.js:191:7)
14 verbose stack     at maybeClose (internal/child_process.js:920:16)
14 verbose stack     at Process.ChildProcess._handle.onexit (internal/child_process.js:230:5)
15 verbose pkgid ClippPro@0.56.64
16 verbose cwd C:\xampp\htdocs\kparkingutplserver\lib
17 error Windows_NT 10.0.18363
18 error argv "C:\\Program Files\\nodejs\\node.exe" "C:\\Program Files\\nodejs\\node_modules\\npm\\bin\\npm-cli.js" "start"
19 error node v6.17.1
20 error npm  v3.10.10
21 error code ELIFECYCLE
22 error ClippPro@0.56.64 start: `node lib/servidor.js`
22 error Exit status 1
23 error Failed at the ClippPro@0.56.64 start script 'node lib/servidor.js'.
23 error Make sure you have the latest version of node.js and npm installed.
23 error If you do, this is most likely a problem with the ClippPro package,
23 error not with npm itself.
23 error Tell the author that this fails on your system:
23 error     node lib/servidor.js
23 error You can get information on how to open an issue for this project with:
23 error     npm bugs ClippPro
23 error Or if that isn't available, you can get their info via:
23 error     npm owner ls ClippPro
23 error There is likely additional logging output above.
24 verbose exit [ 1, true ]
